INFO:  ANSI Code Page: 1252
INFO:  latexindent.exe version 3.24.5, 2025-03-13, a script to indent .tex files
       latexindent.exe lives here: c:/Users/silve/Desktop/MisCosas/Estudiante/
       Fri Jun 13 11:35:37 2025
       Filename: c:/Users/silve/Desktop/MisCosas/Estudiante/Master_UGR/TFM/2025-TFM-David-Castej-n/secciones/__latexindent_temp_planificacion.tex
INFO:  Processing switches:
       -y|--yaml: YAML settings specified via command line
       -c|--cruft: cruft directory
INFO:  Directory for backup files and log file c:\Users\silve\Desktop\MisCosas\Estudiante\Master_UGR\TFM\2025-TFM-David-Castej-n\indent.log:
       c:\Users\silve\Desktop\MisCosas\Estudiante\Master_UGR\TFM\2025-TFM-David-Castej-n\
INFO:  YAML settings read: defaultSettings.yaml
       Reading defaultSettings.yaml from c:/Users/silve/Desktop/MisCosas/Estudiante/defaultSettings.yaml
       Reading defaultSettings.yaml (2nd attempt) from c:/Users/silve/Desktop/MisCosas/Estudiante/../../texmf-dist/scripts/latexindent/defaultSettings.yaml
       and then, if necessary, c:/Users/silve/Desktop/MisCosas/Estudiante/LatexIndent/defaultSettings.yaml
INFO:  YAML reading settings
       Home directory is C:\Users\silve
       latexindent.pl didn't find indentconfig.yaml or .indentconfig.yaml
       see all possible locations: https://latexindentpl.readthedocs.io/en/latest/sec-appendices.html#indentconfig-options)
INFO:  YAML settings read: -y switch
       YAML setting: defaultIndent:'\t'
       single-quoted string found in -y switch: '\t', substitute to 	
       Updating mainSettings with defaultIndent: 	
INFO:  Phase 1: searching for objects
INFO:  Phase 2: finding surrounding indentation
INFO:  Phase 3: indenting objects
INFO:  Phase 4: final indentation check
INFO:  Output routine:
       Not outputting to file; see -w and -o switches for more options.
       --------------
INFO:  Please direct all communication/issues to:
        https://github.com/cmhughes/latexindent.pl
